<?xml version="1.0" encoding="UTF-8"?>
<!-- Generated by org.testng.reporters.JUnitXMLReporter -->
<testsuite ignored="2" hostname="MacBook-Pro-de-Irving.local" failures="0" tests="1" name="Default test" time="10.467" errors="0" timestamp="2022-02-07T10:02:05 CST">
  <testcase classname="Test.DrataTest" name="PON_TC_2" time="7.048"/>
  <testcase classname="Test.DrataTest" name="PON_TC_1" time="0.0">
    <ignored/>
  </testcase> <!-- PON_TC_1 -->
  <testcase classname="Test.DrataTest" name="PON_TC_3" time="0.0">
    <ignored/>
  </testcase> <!-- PON_TC_3 -->
</testsuite> <!-- Default test -->
